DEPRECATION WARNING: config.action_view.debug_rjs will be removed in 3.1, from 3.1 onwards you will need to install prototype-rails to continue to use RJS templates . (called from service at c:/Programme/Ruby/Ruby192/lib/ruby/1.9.1/webrick/httpserver.rb:111)
  [1m[36mSQL (1.0ms)[0m  [1m SELECT name
 FROM sqlite_master
 WHERE type = 'table' AND NOT name = 'sqlite_sequence'
[0m
  [1m[35mSQL (0.0ms)[0m  select sqlite_version(*)
  [1m[36mSQL (8.0ms)[0m  [1mCREATE TABLE "schema_migrations" ("version" varchar(255) NOT NULL) [0m
  [1m[35mSQL (0.0ms)[0m  PRAGMA index_list("schema_migrations")
  [1m[36mSQL (7.0ms)[0m  [1mCREATE UNIQUE INDEX "unique_schema_migrations" ON "schema_migrations" ("version")[0m
  [1m[35mSQL (0.0ms)[0m   SELECT name
 FROM sqlite_master
 WHERE type = 'table' AND NOT name = 'sqlite_sequence'
  [1m[36mSQL (0.0ms)[0m  [1m SELECT name
 FROM sqlite_master
 WHERE type = 'table' AND NOT name = 'sqlite_sequence'
[0m
  [1m[35mSQL (0.0ms)[0m  SELECT "schema_migrations"."version" FROM "schema_migrations"
Migrating to CreateUsers (20110724154657)
  [1m[36mSQL (2.0ms)[0m  [1mCREATE TABLE "users" ("id" INTEGER PRIMARY KEY AUTOINCREMENT NOT NULL, "name" varchar(255), "email" varchar(255), "created_at" datetime, "updated_at" datetime) [0m
  [1m[35mSQL (0.0ms)[0m  INSERT INTO "schema_migrations" ("version") VALUES ('20110724154657')
  [1m[36mSQL (0.0ms)[0m  [1m SELECT name
 FROM sqlite_master
 WHERE type = 'table' AND NOT name = 'sqlite_sequence'
[0m
  [1m[35mSQL (0.0ms)[0m  SELECT "schema_migrations"."version" FROM "schema_migrations"
  [1m[36mSQL (0.0ms)[0m  [1m SELECT name
 FROM sqlite_master
 WHERE type = 'table' AND NOT name = 'sqlite_sequence'
[0m
  [1m[35mSQL (0.0ms)[0m  PRAGMA index_list("users")
DEPRECATION WARNING: config.action_view.debug_rjs will be removed in 3.1, from 3.1 onwards you will need to install prototype-rails to continue to use RJS templates . (called from service at c:/Programme/Ruby/Ruby192/lib/ruby/1.9.1/webrick/httpserver.rb:111)


Started GET "/user" for 127.0.0.1 at 2011-07-24 17:49:11 +0200

ActionController::RoutingError (No route matches "/user"):
  

Rendered c:/Programme/Ruby/Ruby192/lib/ruby/gems/1.9.1/gems/actionpack-3.0.9/lib/action_dispatch/middleware/templates/rescues/routing_error.erb within rescues/layout (1.0ms)


Started GET "/User" for 127.0.0.1 at 2011-07-24 17:50:10 +0200

ActionController::RoutingError (No route matches "/User"):
  

Rendered c:/Programme/Ruby/Ruby192/lib/ruby/gems/1.9.1/gems/actionpack-3.0.9/lib/action_dispatch/middleware/templates/rescues/routing_error.erb within rescues/layout (2.0ms)


Started GET "/Users" for 127.0.0.1 at 2011-07-24 17:50:12 +0200

ActionController::RoutingError (No route matches "/Users"):
  

Rendered c:/Programme/Ruby/Ruby192/lib/ruby/gems/1.9.1/gems/actionpack-3.0.9/lib/action_dispatch/middleware/templates/rescues/routing_error.erb within rescues/layout (1.0ms)


Started GET "/users" for 127.0.0.1 at 2011-07-24 17:50:29 +0200
  Processing by UsersController#index as HTML
  [1m[36mUser Load (0.0ms)[0m  [1mSELECT "users".* FROM "users"[0m
Rendered users/index.html.erb within layouts/application (4.0ms)
Completed 200 OK in 649ms (Views: 29.0ms | ActiveRecord: 0.0ms)
  [1m[36mSQL (1.0ms)[0m  [1m SELECT name
 FROM sqlite_master
 WHERE type = 'table' AND NOT name = 'sqlite_sequence'
[0m
  [1m[35mSQL (0.0ms)[0m   SELECT name
 FROM sqlite_master
 WHERE type = 'table' AND NOT name = 'sqlite_sequence'
  [1m[36mSQL (0.0ms)[0m  [1mSELECT "schema_migrations"."version" FROM "schema_migrations"[0m
Migrating to CreateUsers (20110724154657)
  [1m[35mSQL (0.0ms)[0m  select sqlite_version(*)
  [1m[36mSQL (1.0ms)[0m  [1m SELECT name
 FROM sqlite_master
 WHERE type = 'table' AND NOT name = 'sqlite_sequence'
[0m
  [1m[35mSQL (0.0ms)[0m  SELECT "schema_migrations"."version" FROM "schema_migrations"
  [1m[36mSQL (0.0ms)[0m  [1m SELECT name
 FROM sqlite_master
 WHERE type = 'table' AND NOT name = 'sqlite_sequence'
[0m
  [1m[35mSQL (0.0ms)[0m  PRAGMA index_list("users")
DEPRECATION WARNING: config.action_view.debug_rjs will be removed in 3.1, from 3.1 onwards you will need to install prototype-rails to continue to use RJS templates . (called from service at c:/Programme/Ruby/Ruby192/lib/ruby/1.9.1/webrick/httpserver.rb:111)


Started GET "/users" for 127.0.0.1 at 2011-07-24 17:56:54 +0200
  Processing by UsersController#index as HTML
  [1m[36mUser Load (0.0ms)[0m  [1mSELECT "users".* FROM "users"[0m
Rendered users/index.html.erb within layouts/application (5.0ms)
Completed 200 OK in 545ms (Views: 31.0ms | ActiveRecord: 0.0ms)


Started GET "/users/new" for 127.0.0.1 at 2011-07-24 17:57:04 +0200
  Processing by UsersController#new as HTML
Rendered users/_form.html.erb (195.0ms)
Rendered users/new.html.erb within layouts/application (206.0ms)
Completed 200 OK in 250ms (Views: 232.0ms | ActiveRecord: 0.0ms)


Started POST "/users" for 127.0.0.1 at 2011-07-24 17:57:09 +0200
  Processing by UsersController#create as HTML
  Parameters: {"utf8"=>"✓", "authenticity_token"=>"qP2fiRxffffK9AfsO9+34kvd5YufwcCvb2SJTZmDUAI=", "user"=>{"name"=>"test", "email"=>"test"}, "commit"=>"Create User"}
  [1m[35mSQL (1.0ms)[0m   SELECT name
 FROM sqlite_master
 WHERE type = 'table' AND NOT name = 'sqlite_sequence'
  [1m[36mAREL (2.0ms)[0m  [1mINSERT INTO "users" ("name", "email", "created_at", "updated_at") VALUES ('test', 'test', '2011-07-24 15:57:09.359319', '2011-07-24 15:57:09.359319')[0m
Redirected to http://localhost:3000/users/1
Completed 302 Found in 332ms


Started GET "/users/1" for 127.0.0.1 at 2011-07-24 17:57:09 +0200
  Processing by UsersController#show as HTML
  Parameters: {"id"=>"1"}
  [1m[35mUser Load (0.0ms)[0m  SELECT "users".* FROM "users" WHERE "users"."id" = 1 LIMIT 1
Rendered users/show.html.erb within layouts/application (12.0ms)
Completed 200 OK in 61ms (Views: 41.0ms | ActiveRecord: 3.0ms)


Started GET "/users/1/edit" for 127.0.0.1 at 2011-07-24 17:57:11 +0200
  Processing by UsersController#edit as HTML
  Parameters: {"id"=>"1"}
  [1m[36mUser Load (0.0ms)[0m  [1mSELECT "users".* FROM "users" WHERE "users"."id" = 1 LIMIT 1[0m
Rendered users/_form.html.erb (12.0ms)
Rendered users/edit.html.erb within layouts/application (23.0ms)
Completed 200 OK in 93ms (Views: 49.0ms | ActiveRecord: 0.0ms)


Started GET "/users/1" for 127.0.0.1 at 2011-07-24 17:57:12 +0200
  Processing by UsersController#show as HTML
  Parameters: {"id"=>"1"}
  [1m[35mUser Load (0.0ms)[0m  SELECT "users".* FROM "users" WHERE "users"."id" = 1 LIMIT 1
Rendered users/show.html.erb within layouts/application (12.0ms)
Completed 200 OK in 59ms (Views: 40.0ms | ActiveRecord: 0.0ms)


Started GET "/users" for 127.0.0.1 at 2011-07-24 17:57:13 +0200
  Processing by UsersController#index as HTML
  [1m[36mUser Load (1.0ms)[0m  [1mSELECT "users".* FROM "users"[0m
Rendered users/index.html.erb within layouts/application (15.0ms)
Completed 200 OK in 59ms (Views: 41.0ms | ActiveRecord: 1.0ms)


Started GET "/users/1/edit" for 127.0.0.1 at 2011-07-24 17:57:15 +0200
  Processing by UsersController#edit as HTML
  Parameters: {"id"=>"1"}
  [1m[35mUser Load (1.0ms)[0m  SELECT "users".* FROM "users" WHERE "users"."id" = 1 LIMIT 1
Rendered users/_form.html.erb (32.0ms)
Rendered users/edit.html.erb within layouts/application (46.0ms)
Completed 200 OK in 94ms (Views: 75.0ms | ActiveRecord: 1.0ms)
